<?xml version="1.0" encoding="UTF-8"?>
<!-- Generated by org.testng.reporters.JUnitReportReporter -->
<testsuite hostname="DESKTOP-B2KDD56" failures="0" tests="1" name="com.git.Logintest" time="15.876" errors="0" timestamp="2021-08-05T17:14:22 IST" skipped="0">
  <testcase classname="com.git.Logintest" name="doLogin" time="15.876"/>
  <system-out/>
</testsuite> <!-- com.git.Logintest -->
